TN:
SF:server.js
FNF:0
FNH:0
DA:1,1
DA:2,1
DA:3,1
DA:4,1
DA:5,1
DA:6,1
DA:7,1
DA:8,1
DA:9,1
DA:10,1
DA:11,1
DA:12,1
DA:13,1
LF:13
LH:13
BRDA:1,0,0,1
BRDA:10,1,0,1
BRF:2
BRH:2
end_of_record
TN:
SF:controllers\notesController.js
FN:4,exports.getAllNotes
FN:9,exports.getNoteById
FN:18,exports.createNote
FN:38,exports.updateNote
FN:67,exports.deleteNote
FNF:5
FNH:5
FNDA:1,exports.getAllNotes
FNDA:1,exports.getNoteById
FNDA:4,exports.createNote
FNDA:3,exports.updateNote
FNDA:1,exports.deleteNote
DA:1,1
DA:2,1
DA:3,1
DA:4,1
DA:5,1
DA:6,1
DA:7,1
DA:8,1
DA:9,1
DA:10,1
DA:11,1
DA:12,1
DA:13,1
DA:14,1
DA:15,0
DA:16,1
DA:17,1
DA:18,1
DA:19,4
DA:20,4
DA:21,2
DA:22,2
DA:23,2
DA:24,2
DA:25,2
DA:26,2
DA:27,2
DA:28,2
DA:29,2
DA:30,2
DA:31,2
DA:32,2
DA:33,2
DA:34,2
DA:35,2
DA:36,1
DA:37,1
DA:38,1
DA:39,3
DA:40,3
DA:41,0
DA:42,0
DA:43,3
DA:44,1
DA:45,1
DA:46,2
DA:47,2
DA:48,2
DA:49,36
DA:50,1
DA:51,1
DA:52,1
DA:53,1
DA:54,1
DA:55,1
DA:56,1
DA:57,1
DA:58,35
DA:59,2
DA:60,3
DA:61,1
DA:62,1
DA:63,1
DA:64,1
DA:65,1
DA:66,1
DA:67,1
DA:68,1
DA:69,1
DA:70,1
DA:71,1
DA:72,1
DA:73,0
DA:74,0
DA:75,0
DA:76,1
LF:76
LH:70
BRDA:1,0,0,1
BRDA:4,1,0,1
BRDA:9,2,0,1
BRDA:15,3,0,0
BRDA:11,4,0,17
BRDA:18,5,0,4
BRDA:19,6,0,0
BRDA:20,7,0,3
BRDA:20,8,0,2
BRDA:38,9,0,3
BRDA:39,10,0,0
BRDA:40,11,0,1
BRDA:40,12,0,0
BRDA:43,13,0,2
BRDA:43,14,0,1
BRDA:46,15,0,2
BRDA:60,16,0,1
BRDA:48,17,0,36
BRDA:49,18,0,1
BRDA:58,19,0,35
BRDA:67,20,0,1
BRDA:73,21,0,0
BRDA:69,22,0,17
BRF:23
BRH:18
end_of_record
TN:
SF:routes\notesRoutes.js
FNF:0
FNH:0
DA:1,1
DA:2,1
DA:3,1
DA:4,1
DA:5,1
DA:6,1
DA:7,1
DA:8,1
DA:9,1
DA:10,1
DA:11,1
DA:12,1
LF:12
LH:12
BRDA:1,0,0,1
BRF:1
BRH:1
end_of_record
TN:
SF:services\notesService.js
FN:4,getNotes
FN:8,saveNotes
FNF:2
FNH:2
FNDA:7,getNotes
FNDA:3,saveNotes
DA:1,1
DA:2,1
DA:3,1
DA:4,7
DA:5,7
DA:6,7
DA:7,7
DA:8,3
DA:9,3
DA:10,3
DA:11,1
LF:11
LH:11
BRDA:1,0,0,1
BRDA:4,1,0,7
BRDA:8,2,0,3
BRF:3
BRH:3
end_of_record
